#
# A fatal error has been detected by the Java Runtime Environment:
#
#  SIGSEGV (0xb) at pc=0x00007f58e45e4d9d, pid=17857, tid=140019764152064
#
# JRE version: 7.0_02-b13
# Java VM: Java HotSpot(TM) 64-Bit Server VM (22.0-b10 mixed mode linux-amd64 compressed oops)
# Problematic frame:
# C  [librxtxSerial.so+0x6d9d]  read_byte_array+0x3d
#
# Failed to write core dump. Core dumps have been disabled. To enable core dumping, try "ulimit -c unlimited" before starting Java again
#
# If you would like to submit a bug report, please visit:
#   http://bugreport.sun.com/bugreport/crash.jsp
# The crash happened outside the Java Virtual Machine in native code.
# See problematic frame for where to report the bug.
#

---------------  T H R E A D  ---------------

Current thread (0x000000000183d000):  JavaThread "Thread-3" [_thread_in_native, id=17870, stack(0x00007f58e43dc000,0x00007f58e44dd000)]

siginfo:si_signo=SIGSEGV: si_errno=0, si_code=1 (SEGV_MAPERR), si_addr=0xffffffffe45dc6c8

Registers:
RAX=0xffffffffe45dc6c0, RBX=0x0000000000000009, RCX=0x0000000000000001, RDX=0x000000000183d000
RSP=0x00007f58e44db670, RBP=0x000000000183d1d0, RSI=0x00007f58e45e7b25, RDI=0x00007f58e45e7a9f
R8 =0x000000000000000b, R9 =0x00000000eb56b120, R10=0x0000000000000000, R11=0x0000000000000010
R12=0x0000000000000000, R13=0x00000000fb35eb30, R14=0x00007f58e44db830, R15=0x00000000ffffffff
RIP=0x00007f58e45e4d9d, EFLAGS=0x0000000000010202, CSGSFS=0x0000000000000033, ERR=0x0000000000000005
  TRAPNO=0x000000000000000e

Top of Stack: (sp=0x00007f58e44db670)
0x00007f58e44db670:   00007f58e45ded18 00000000018641a0
0x00007f58e44db680:   00000001e44db6c0 00007f58e44db7a7
0x00007f58e44db690:   00000009018638d8 00000000018638d8
0x00007f58e44db6a0:   00000000ffffffff 0000000000000000
0x00007f58e44db6b0:   00000000018638d8 ffffffffe45dc6c0
0x00007f58e44db6c0:   000000000020c5d0 0000000000000000
0x00007f58e44db6d0:   00007f58e44db830 000000000183d000
0x00007f58e44db6e0:   00007f58e45de000 00007f58eba0bfb4
0x00007f58e44db6f0:   0000000000000005 0000000000000000
0x00007f58e44db700:   0000001500000002 00007f58e45ded18
0x00007f58e44db710:   000000000183d000 0000000000000009
0x00007f58e44db720:   000000000183d1d0 0000000000000000
0x00007f58e44db730:   00000000fb35eb30 00007f58eba12725
0x00007f58e44db740:   ffffffffffffffff 00007f58e44db7a7
0x00007f58e44db750:   0000000000000009 0000000000000009
0x00007f58e44db760:   000000000183d1d0 0000000000000000
0x00007f58e44db770:   00000000fb35eb30 00007f58e44db830
0x00007f58e44db780:   000000000183d000 00007f58e45e5388
0x00007f58e44db790:   00007f58e44db830 00007f58e44db830
0x00007f58e44db7a0:   00007f58e44db810 00000000fb35eb38
0x00007f58e44db7b0:   00007f58e44db810 00007f58e6065b91
0x00007f58e44db7c0:   000000000183d000 00007f58e6070823
0x00007f58e44db7d0:   00007f58e44db7d0 00000000fb35eb30
0x00007f58e44db7e0:   00007f58e44db830 00000000fb370870
0x00007f58e44db7f0:   0000000000000000 00000000fb35eb38
0x00007f58e44db800:   0000000000000000 00007f58e44db830
0x00007f58e44db810:   00007f58e44db898 00007f58e605a114
0x00007f58e44db820:   0000000000000000 00007f58e6062bf6
0x00007f58e44db830:   00000000eb56b120 0000000000000001
0x00007f58e44db840:   0000000000000000 0000000000000001
0x00007f58e44db850:   00000000eb56b6a0 00007f58e44db838
0x00007f58e44db860:   00000000fb36fae9 00007f58e44db8e0 

Instructions: (pc=0x00007f58e45e4d9d)
0x00007f58e45e4d7d:   4c 24 18 48 8d 15 17 2d 00 00 48 8d 0d 0e 2d 00
0x00007f58e45e4d8d:   00 44 89 44 24 14 e8 88 c7 ff ff 48 89 44 24 48
0x00007f58e45e4d9d:   8b 40 08 45 85 ff 48 8b 54 24 48 89 44 24 40 c7
0x00007f58e45e4dad:   42 08 00 00 00 00 0f 88 bd 01 00 00 31 c0 e8 70 

Register to memory mapping:

RAX=0xffffffffe45dc6c0 is an unknown value
RBX=0x0000000000000009 is an unknown value
RCX=0x0000000000000001 is an unknown value
RDX=0x000000000183d000 is a thread
RSP=0x00007f58e44db670 is pointing into the stack for thread: 0x000000000183d000
RBP=0x000000000183d1d0 is an unknown value
RSI=0x00007f58e45e7b25: <offset 0x9b25> in /home/gary/public_html/arduino/Arduino-Connect/java/lib/64bit/librxtxSerial.so at 0x00007f58e45de000
RDI=0x00007f58e45e7a9f: <offset 0x9a9f> in /home/gary/public_html/arduino/Arduino-Connect/java/lib/64bit/librxtxSerial.so at 0x00007f58e45de000
R8 =0x000000000000000b is an unknown value
R9 =
[error occurred during error reporting (printing register info), id 0xb]

Stack: [0x00007f58e43dc000,0x00007f58e44dd000],  sp=0x00007f58e44db670,  free space=1021k
Native frames: (J=compiled Java code, j=interpreted, Vv=VM code, C=native code)
C  [librxtxSerial.so+0x6d9d]  read_byte_array+0x3d

Java frames: (J=compiled Java code, j=interpreted, Vv=VM code)
j  gnu.io.RXTXPort.readByte()I+0
j  gnu.io.RXTXPort$SerialInputStream.read()I+81
j  ucc.arduino.serial.SerialComm.run()V+64
j  java.lang.Thread.run()V+11
v  ~StubRoutines::call_stub

---------------  P R O C E S S  ---------------

Java Threads: ( => current thread )
  0x000000000184d800 JavaThread "pool-2-thread-2" [_thread_in_native, id=17872, stack(0x00007f58e41da000,0x00007f58e42db000)]
  0x0000000001840800 JavaThread "pool-2-thread-1" [_thread_in_native, id=17871, stack(0x00007f58e42db000,0x00007f58e43dc000)]
=>0x000000000183d000 JavaThread "Thread-3" [_thread_in_native, id=17870, stack(0x00007f58e43dc000,0x00007f58e44dd000)]
  0x0000000001862800 JavaThread "Thread-2" [_thread_in_native, id=17869, stack(0x00007f58e44dd000,0x00007f58e45de000)]
  0x000000000183a000 JavaThread "Thread-1" [_thread_in_vm, id=17868, stack(0x00007f58e47eb000,0x00007f58e48ec000)]
  0x000000000172d800 JavaThread "Thread-0" [_thread_in_vm, id=17867, stack(0x00007f58e4afd000,0x00007f58e4bfe000)]
  0x00000000016af000 JavaThread "Service Thread" daemon [_thread_blocked, id=17865, stack(0x00007f58e4f15000,0x00007f58e5016000)]
  0x00000000016a3800 JavaThread "C2 CompilerThread1" daemon [_thread_blocked, id=17864, stack(0x00007f58e5016000,0x00007f58e5117000)]
  0x00000000016a1000 JavaThread "C2 CompilerThread0" daemon [_thread_blocked, id=17863, stack(0x00007f58e5117000,0x00007f58e5218000)]
  0x000000000169f000 JavaThread "Signal Dispatcher" daemon [_thread_blocked, id=17862, stack(0x00007f58e5218000,0x00007f58e5319000)]
  0x000000000164d800 JavaThread "Finalizer" daemon [_thread_blocked, id=17861, stack(0x00007f58e59fd000,0x00007f58e5afe000)]
  0x000000000164b000 JavaThread "Reference Handler" daemon [_thread_blocked, id=17860, stack(0x00007f58e5afe000,0x00007f58e5bff000)]
  0x00000000015a1000 JavaThread "main" [_thread_in_native, id=17858, stack(0x00007f58ebb04000,0x00007f58ebc05000)]

Other Threads:
  0x0000000001643800 VMThread [stack: 0x00007f58e5bff000,0x00007f58e5d00000] [id=17859]
  0x00000000016ba000 WatcherThread [stack: 0x00007f58e4e14000,0x00007f58e4f15000] [id=17866]

VM state:not at safepoint (normal execution)

VM Mutex/Monitor currently owned by a thread: None

Heap
 def new generation   total 4800K, used 1758K [0x00000000eb400000, 0x00000000eb930000, 0x00000000f0750000)
  eden space 4288K,  41% used [0x00000000eb400000, 0x00000000eb5b79d8, 0x00000000eb830000)
  from space 512K,   0% used [0x00000000eb830000, 0x00000000eb830000, 0x00000000eb8b0000)
  to   space 512K,   0% used [0x00000000eb8b0000, 0x00000000eb8b0000, 0x00000000eb930000)
 tenured generation   total 10624K, used 0K [0x00000000f0750000, 0x00000000f11b0000, 0x00000000fae00000)
   the space 10624K,   0% used [0x00000000f0750000, 0x00000000f0750000, 0x00000000f0750200, 0x00000000f11b0000)
 compacting perm gen  total 21248K, used 5684K [0x00000000fae00000, 0x00000000fc2c0000, 0x0000000100000000)
   the space 21248K,  26% used [0x00000000fae00000, 0x00000000fb38d0c0, 0x00000000fb38d200, 0x00000000fc2c0000)
No shared spaces configured.

Code Cache  [0x00007f58e6054000, 0x00007f58e62c4000, 0x00007f58e9054000)
 total_blobs=265 nmethods=7 adapters=212 free_code_cache=48725Kb largest_free_block=49883968

Dynamic libraries:
00400000-00401000 r-xp 00000000 08:01 525837                             /opt/jdk1.7.0_02/bin/java
00600000-00601000 rw-p 00000000 08:01 525837                             /opt/jdk1.7.0_02/bin/java
01599000-01886000 rw-p 00000000 00:00 0                                  [heap]
eb400000-eb930000 rw-p 00000000 00:00 0 
eb930000-f0750000 rw-p 00000000 00:00 0 
f0750000-f11b0000 rw-p 00000000 00:00 0 
f11b0000-fae00000 rw-p 00000000 00:00 0 
fae00000-fc2c0000 rw-p 00000000 00:00 0 
fc2c0000-100000000 rw-p 00000000 00:00 0 
7f58e41da000-7f58e41dd000 ---p 00000000 00:00 0 
7f58e41dd000-7f58e42db000 rw-p 00000000 00:00 0 
7f58e42db000-7f58e42de000 ---p 00000000 00:00 0 
7f58e42de000-7f58e43dc000 rw-p 00000000 00:00 0 
7f58e43dc000-7f58e43df000 ---p 00000000 00:00 0 
7f58e43df000-7f58e44dd000 rw-p 00000000 00:00 0 
7f58e44dd000-7f58e44e0000 ---p 00000000 00:00 0 
7f58e44e0000-7f58e45de000 rw-p 00000000 00:00 0 
7f58e45de000-7f58e45eb000 r-xp 00000000 08:01 657769                     /home/gary/public_html/arduino/Arduino-Connect/java/lib/64bit/librxtxSerial.so
7f58e45eb000-7f58e47ea000 ---p 0000d000 08:01 657769                     /home/gary/public_html/arduino/Arduino-Connect/java/lib/64bit/librxtxSerial.so
7f58e47ea000-7f58e47eb000 rw-p 0000c000 08:01 657769                     /home/gary/public_html/arduino/Arduino-Connect/java/lib/64bit/librxtxSerial.so
7f58e47eb000-7f58e47ee000 ---p 00000000 00:00 0 
7f58e47ee000-7f58e48ec000 rw-p 00000000 00:00 0 
7f58e48ec000-7f58e48fc000 r-xp 00000000 08:01 525934                     /opt/jdk1.7.0_02/jre/lib/amd64/libnio.so
7f58e48fc000-7f58e4afc000 ---p 00010000 08:01 525934                     /opt/jdk1.7.0_02/jre/lib/amd64/libnio.so
7f58e4afc000-7f58e4afd000 rw-p 00010000 08:01 525934                     /opt/jdk1.7.0_02/jre/lib/amd64/libnio.so
7f58e4afd000-7f58e4b00000 ---p 00000000 00:00 0 
7f58e4b00000-7f58e4bfe000 rw-p 00000000 00:00 0 
7f58e4bfe000-7f58e4c13000 r-xp 00000000 08:01 525919                     /opt/jdk1.7.0_02/jre/lib/amd64/libnet.so
7f58e4c13000-7f58e4e13000 ---p 00015000 08:01 525919                     /opt/jdk1.7.0_02/jre/lib/amd64/libnet.so
7f58e4e13000-7f58e4e14000 rw-p 00015000 08:01 525919                     /opt/jdk1.7.0_02/jre/lib/amd64/libnet.so
7f58e4e14000-7f58e4e15000 ---p 00000000 00:00 0 
7f58e4e15000-7f58e4f15000 rw-p 00000000 00:00 0 
7f58e4f15000-7f58e4f18000 ---p 00000000 00:00 0 
7f58e4f18000-7f58e5016000 rw-p 00000000 00:00 0 
7f58e5016000-7f58e5019000 ---p 00000000 00:00 0 
7f58e5019000-7f58e5117000 rw-p 00000000 00:00 0 
7f58e5117000-7f58e511a000 ---p 00000000 00:00 0 
7f58e511a000-7f58e5218000 rw-p 00000000 00:00 0 
7f58e5218000-7f58e521b000 ---p 00000000 00:00 0 
7f58e521b000-7f58e5319000 rw-p 00000000 00:00 0 
7f58e5319000-7f58e59fd000 r--p 00000000 08:01 3938709                    /usr/lib/locale/locale-archive
7f58e59fd000-7f58e5a00000 ---p 00000000 00:00 0 
7f58e5a00000-7f58e5afe000 rw-p 00000000 00:00 0 
7f58e5afe000-7f58e5b01000 ---p 00000000 00:00 0 
7f58e5b01000-7f58e5bff000 rw-p 00000000 00:00 0 
7f58e5bff000-7f58e5c00000 ---p 00000000 00:00 0 
7f58e5c00000-7f58e5d70000 rw-p 00000000 00:00 0 
7f58e5d70000-7f58e5f2f000 r--s 039ff000 08:01 525911                     /opt/jdk1.7.0_02/jre/lib/rt.jar
7f58e5f2f000-7f58e5f3a000 rw-p 00000000 00:00 0 
7f58e5f3a000-7f58e5f59000 rw-p 00000000 00:00 0 
7f58e5f59000-7f58e5f5f000 rw-p 00000000 00:00 0 
7f58e5f5f000-7f58e5fad000 rw-p 00000000 00:00 0 
7f58e5fad000-7f58e5fb0000 rw-p 00000000 00:00 0 
7f58e5fb0000-7f58e5fd6000 rw-p 00000000 00:00 0 
7f58e5fd6000-7f58e5fdc000 rw-p 00000000 00:00 0 
7f58e5fdc000-7f58e602a000 rw-p 00000000 00:00 0 
7f58e602a000-7f58e6035000 rw-p 00000000 00:00 0 
7f58e6035000-7f58e6053000 rw-p 00000000 00:00 0 
7f58e6053000-7f58e6054000 rw-p 00000000 00:00 0 
7f58e6054000-7f58e62c4000 rwxp 00000000 00:00 0 
7f58e62c4000-7f58e9054000 rw-p 00000000 00:00 0 
7f58e9054000-7f58e906e000 r-xp 00000000 08:01 525932                     /opt/jdk1.7.0_02/jre/lib/amd64/libzip.so
7f58e906e000-7f58e926e000 ---p 0001a000 08:01 525932                     /opt/jdk1.7.0_02/jre/lib/amd64/libzip.so
7f58e926e000-7f58e926f000 rw-p 0001a000 08:01 525932                     /opt/jdk1.7.0_02/jre/lib/amd64/libzip.so
7f58e926f000-7f58e927b000 r-xp 00000000 08:01 3280634                    /lib/x86_64-linux-gnu/libnss_files-2.13.so
7f58e927b000-7f58e947a000 ---p 0000c000 08:01 3280634                    /lib/x86_64-linux-gnu/libnss_files-2.13.so
7f58e947a000-7f58e947b000 r--p 0000b000 08:01 3280634                    /lib/x86_64-linux-gnu/libnss_files-2.13.so
7f58e947b000-7f58e947c000 rw-p 0000c000 08:01 3280634                    /lib/x86_64-linux-gnu/libnss_files-2.13.so
7f58e947c000-7f58e9486000 r-xp 00000000 08:01 3280638                    /lib/x86_64-linux-gnu/libnss_nis-2.13.so
7f58e9486000-7f58e9686000 ---p 0000a000 08:01 3280638                    /lib/x86_64-linux-gnu/libnss_nis-2.13.so
7f58e9686000-7f58e9687000 r--p 0000a000 08:01 3280638                    /lib/x86_64-linux-gnu/libnss_nis-2.13.so
7f58e9687000-7f58e9688000 rw-p 0000b000 08:01 3280638                    /lib/x86_64-linux-gnu/libnss_nis-2.13.so
7f58e9688000-7f58e969f000 r-xp 00000000 08:01 3280628                    /lib/x86_64-linux-gnu/libnsl-2.13.so
7f58e969f000-7f58e989e000 ---p 00017000 08:01 3280628                    /lib/x86_64-linux-gnu/libnsl-2.13.so
7f58e989e000-7f58e989f000 r--p 00016000 08:01 3280628                    /lib/x86_64-linux-gnu/libnsl-2.13.so
7f58e989f000-7f58e98a0000 rw-p 00017000 08:01 3280628                    /lib/x86_64-linux-gnu/libnsl-2.13.so
7f58e98a0000-7f58e98a2000 rw-p 00000000 00:00 0 
7f58e98a2000-7f58e98aa000 r-xp 00000000 08:01 3280630                    /lib/x86_64-linux-gnu/libnss_compat-2.13.so
7f58e98aa000-7f58e9aa9000 ---p 00008000 08:01 3280630                    /lib/x86_64-linux-gnu/libnss_compat-2.13.so
7f58e9aa9000-7f58e9aaa000 r--p 00007000 08:01 3280630                    /lib/x86_64-linux-gnu/libnss_compat-2.13.so
7f58e9aaa000-7f58e9aab000 rw-p 00008000 08:01 3280630                    /lib/x86_64-linux-gnu/libnss_compat-2.13.so
7f58e9aab000-7f58e9ad4000 r-xp 00000000 08:01 525953                     /opt/jdk1.7.0_02/jre/lib/amd64/libjava.so
7f58e9ad4000-7f58e9cd4000 ---p 00029000 08:01 525953                     /opt/jdk1.7.0_02/jre/lib/amd64/libjava.so
7f58e9cd4000-7f58e9cd6000 rw-p 00029000 08:01 525953                     /opt/jdk1.7.0_02/jre/lib/amd64/libjava.so
7f58e9cd6000-7f58e9ce5000 r-xp 00000000 08:01 525920                     /opt/jdk1.7.0_02/jre/lib/amd64/libverify.so
7f58e9ce5000-7f58e9ee4000 ---p 0000f000 08:01 525920                     /opt/jdk1.7.0_02/jre/lib/amd64/libverify.so
7f58e9ee4000-7f58e9ee6000 rw-p 0000e000 08:01 525920                     /opt/jdk1.7.0_02/jre/lib/amd64/libverify.so
7f58e9ee6000-7f58e9eed000 r-xp 00000000 08:01 3280657                    /lib/x86_64-linux-gnu/librt-2.13.so
7f58e9eed000-7f58ea0ec000 ---p 00007000 08:01 3280657                    /lib/x86_64-linux-gnu/librt-2.13.so
7f58ea0ec000-7f58ea0ed000 r--p 00006000 08:01 3280657                    /lib/x86_64-linux-gnu/librt-2.13.so
7f58ea0ed000-7f58ea0ee000 rw-p 00007000 08:01 3280657                    /lib/x86_64-linux-gnu/librt-2.13.so
7f58ea0ee000-7f58ea171000 r-xp 00000000 08:01 3280623                    /lib/x86_64-linux-gnu/libm-2.13.so
7f58ea171000-7f58ea370000 ---p 00083000 08:01 3280623                    /lib/x86_64-linux-gnu/libm-2.13.so
7f58ea370000-7f58ea371000 r--p 00082000 08:01 3280623                    /lib/x86_64-linux-gnu/libm-2.13.so
7f58ea371000-7f58ea372000 rw-p 00083000 08:01 3280623                    /lib/x86_64-linux-gnu/libm-2.13.so
7f58ea372000-7f58ead52000 r-xp 00000000 08:01 525956                     /opt/jdk1.7.0_02/jre/lib/amd64/server/libjvm.so
7f58ead52000-7f58eaf52000 ---p 009e0000 08:01 525956                     /opt/jdk1.7.0_02/jre/lib/amd64/server/libjvm.so
7f58eaf52000-7f58eafef000 rw-p 009e0000 08:01 525956                     /opt/jdk1.7.0_02/jre/lib/amd64/server/libjvm.so
7f58eafef000-7f58eb028000 rw-p 00000000 00:00 0 
7f58eb028000-7f58eb1bd000 r-xp 00000000 08:01 3280593                    /lib/x86_64-linux-gnu/libc-2.13.so
7f58eb1bd000-7f58eb3bc000 ---p 00195000 08:01 3280593                    /lib/x86_64-linux-gnu/libc-2.13.so
7f58eb3bc000-7f58eb3c0000 r--p 00194000 08:01 3280593                    /lib/x86_64-linux-gnu/libc-2.13.so
7f58eb3c0000-7f58eb3c1000 rw-p 00198000 08:01 3280593                    /lib/x86_64-linux-gnu/libc-2.13.so
7f58eb3c1000-7f58eb3c7000 rw-p 00000000 00:00 0 
7f58eb3c7000-7f58eb3c9000 r-xp 00000000 08:01 3280604                    /lib/x86_64-linux-gnu/libdl-2.13.so
7f58eb3c9000-7f58eb5c9000 ---p 00002000 08:01 3280604                    /lib/x86_64-linux-gnu/libdl-2.13.so
7f58eb5c9000-7f58eb5ca000 r--p 00002000 08:01 3280604                    /lib/x86_64-linux-gnu/libdl-2.13.so
7f58eb5ca000-7f58eb5cb000 rw-p 00003000 08:01 3280604                    /lib/x86_64-linux-gnu/libdl-2.13.so
7f58eb5cb000-7f58eb5e1000 r-xp 00000000 08:01 525945                     /opt/jdk1.7.0_02/jre/lib/amd64/jli/libjli.so
7f58eb5e1000-7f58eb7e0000 ---p 00016000 08:01 525945                     /opt/jdk1.7.0_02/jre/lib/amd64/jli/libjli.so
7f58eb7e0000-7f58eb7e1000 rw-p 00015000 08:01 525945                     /opt/jdk1.7.0_02/jre/lib/amd64/jli/libjli.so
7f58eb7e1000-7f58eb7f9000 r-xp 00000000 08:01 3280653                    /lib/x86_64-linux-gnu/libpthread-2.13.so
7f58eb7f9000-7f58eb9f8000 ---p 00018000 08:01 3280653                    /lib/x86_64-linux-gnu/libpthread-2.13.so
7f58eb9f8000-7f58eb9f9000 r--p 00017000 08:01 3280653                    /lib/x86_64-linux-gnu/libpthread-2.13.so
7f58eb9f9000-7f58eb9fa000 rw-p 00018000 08:01 3280653                    /lib/x86_64-linux-gnu/libpthread-2.13.so
7f58eb9fa000-7f58eb9fe000 rw-p 00000000 00:00 0 
7f58eb9fe000-7f58eba1f000 r-xp 00000000 08:01 3280580                    /lib/x86_64-linux-gnu/ld-2.13.so
7f58eba3b000-7f58eba44000 r--s 00254000 08:01 526586                     /opt/jdk1.7.0_02/jre/lib/resources.jar
7f58eba44000-7f58eba4e000 rw-p 00000000 00:00 0 
7f58eba4e000-7f58ebb04000 rw-p 00000000 00:00 0 
7f58ebb04000-7f58ebb07000 ---p 00000000 00:00 0 
7f58ebb07000-7f58ebc09000 rw-p 00000000 00:00 0 
7f58ebc0e000-7f58ebc12000 r--s 0002c000 08:01 529571                     /home/gary/public_html/arduino/Arduino-Connect/java/dist/Arduino.jar
7f58ebc12000-7f58ebc1a000 rw-s 00000000 08:01 3670050                    /tmp/hsperfdata_gary/17857
7f58ebc1a000-7f58ebc1b000 rw-p 00000000 00:00 0 
7f58ebc1b000-7f58ebc1c000 r--p 00000000 00:00 0 
7f58ebc1c000-7f58ebc1e000 rw-p 00000000 00:00 0 
7f58ebc1e000-7f58ebc1f000 r--p 00020000 08:01 3280580                    /lib/x86_64-linux-gnu/ld-2.13.so
7f58ebc1f000-7f58ebc21000 rw-p 00021000 08:01 3280580                    /lib/x86_64-linux-gnu/ld-2.13.so
7fffa7797000-7fffa77b8000 rw-p 00000000 00:00 0                          [stack]
7fffa77bc000-7fffa77bd000 r-xp 00000000 00:00 0                          [vdso]
ffffffffff600000-ffffffffff601000 r-xp 00000000 00:00 0                  [vsyscall]

VM Arguments:
jvm_args: -Djava.library.path=lib/64bit/ 
java_command: dist/Arduino.jar
Launcher Type: SUN_STANDARD

Environment Variables:
JAVA_HOME=/opt/jdk1.7.0_02
PATH=/opt/jdk1.7.0_02/bin:/opt/apache-ant-1.8.2/bin:/opt/arduino-1.0/:/home/gary/bin:/usr/lib/lightdm/lightdm:/usr/local/sbin:/usr/local/bin:/usr/sbin:/usr/bin:/sbin:/bin:/usr/games
USERNAME=gary
SHELL=/bin/bash
DISPLAY=:0

Signal Handlers:
SIGSEGV: [libjvm.so+0x856f20], sa_mask[0]=0x7ffbfeff, sa_flags=0x10000004
SIGBUS: [libjvm.so+0x856f20], sa_mask[0]=0x7ffbfeff, sa_flags=0x10000004
SIGFPE: [libjvm.so+0x6fd190], sa_mask[0]=0x7ffbfeff, sa_flags=0x10000004
SIGPIPE: [libjvm.so+0x6fd190], sa_mask[0]=0x7ffbfeff, sa_flags=0x10000004
SIGXFSZ: [libjvm.so+0x6fd190], sa_mask[0]=0x7ffbfeff, sa_flags=0x10000004
SIGILL: [libjvm.so+0x6fd190], sa_mask[0]=0x7ffbfeff, sa_flags=0x10000004
SIGUSR1: SIG_DFL, sa_mask[0]=0x00000000, sa_flags=0x00000000
SIGUSR2: [libjvm.so+0x6fcb00], sa_mask[0]=0x00000000, sa_flags=0x10000004
SIGHUP: [libjvm.so+0x6fee70], sa_mask[0]=0x7ffbfeff, sa_flags=0x10000004
SIGINT: [libjvm.so+0x6fee70], sa_mask[0]=0x7ffbfeff, sa_flags=0x10000004
SIGTERM: [libjvm.so+0x6fee70], sa_mask[0]=0x7ffbfeff, sa_flags=0x10000004
SIGQUIT: [libjvm.so+0x6fee70], sa_mask[0]=0x7ffbfeff, sa_flags=0x10000004


---------------  S Y S T E M  ---------------

OS:wheezy/sid

uname:Linux 3.0.0-15-generic #26-Ubuntu SMP Fri Jan 20 17:23:00 UTC 2012 x86_64
libc:glibc 2.13 NPTL 2.13 
rlimit: STACK 8192k, CORE 0k, NPROC 7822, NOFILE 4096, AS infinity
load average:0.11 0.09 0.14

/proc/meminfo:
MemTotal:        1019076 kB
MemFree:          102020 kB
Buffers:           25780 kB
Cached:           239524 kB
SwapCached:        13640 kB
Active:           375508 kB
Inactive:         432516 kB
Active(anon):     237232 kB
Inactive(anon):   306592 kB
Active(file):     138276 kB
Inactive(file):   125924 kB
Unevictable:           0 kB
Mlocked:               0 kB
SwapTotal:       1045500 kB
SwapFree:        1000692 kB
Dirty:               216 kB
Writeback:             0 kB
AnonPages:        531896 kB
Mapped:            71084 kB
Shmem:              1020 kB
Slab:              59368 kB
SReclaimable:      41376 kB
SUnreclaim:        17992 kB
KernelStack:        2696 kB
PageTables:        22748 kB
NFS_Unstable:          0 kB
Bounce:                0 kB
WritebackTmp:          0 kB
CommitLimit:     1555036 kB
Committed_AS:    2181360 kB
VmallocTotal:   34359738367 kB
VmallocUsed:      272356 kB
VmallocChunk:   34359463544 kB
HardwareCorrupted:     0 kB
AnonHugePages:         0 kB
HugePages_Total:       0
HugePages_Free:        0
HugePages_Rsvd:        0
HugePages_Surp:        0
Hugepagesize:       2048 kB
DirectMap4k:       49152 kB
DirectMap2M:      999424 kB


CPU:total 1 (1 cores per cpu, 1 threads per core) family 6 model 42 stepping 7, cmov, cx8, fxsr, mmx, sse, sse2, sse3, ssse3, sse4.1, sse4.2, popcnt

/proc/cpuinfo:
processor	: 0
vendor_id	: GenuineIntel
cpu family	: 6
model		: 42
model name	: Intel(R) Core(TM) i5-2320 CPU @ 3.00GHz
stepping	: 7
cpu MHz		: 2993.299
cache size	: 6144 KB
fpu		: yes
fpu_exception	: yes
cpuid level	: 13
wp		: yes
flags		: fpu vme de pse tsc msr pae mce cx8 apic sep mtrr pge mca cmov pat pse36 clflush dts acpi mmx fxsr sse sse2 ss syscall nx rdtscp lm constant_tsc up arch_perfmon pebs bts nopl xtopology tsc_reliable nonstop_tsc aperfmperf pni pclmulqdq ssse3 cx16 sse4_1 sse4_2 popcnt xsave avx hypervisor lahf_lm ida arat epb xsaveopt pln pts dts
bogomips	: 5986.59
clflush size	: 64
cache_alignment	: 64
address sizes	: 40 bits physical, 48 bits virtual
power management:



Memory: 4k page, physical 1019076k(102020k free), swap 1045500k(1000692k free)

vm_info: Java HotSpot(TM) 64-Bit Server VM (22.0-b10) for linux-amd64 JRE (1.7.0_02-b13), built on Nov 17 2011 13:19:26 by "java_re" with gcc 4.3.0 20080428 (Red Hat 4.3.0-8)

time: Tue Jan 31 09:35:51 2012
elapsed time: 0 seconds

